0 info it worked if it ends with ok
1 verbose cli [ '/opt/local/bin/node', '/opt/local/bin/npm', 'install' ]
2 info using npm@1.3.11
3 info using node@v0.10.18
4 warn package.json @ No description
5 warn package.json @ No repository field.
6 warn package.json @ No README data
7 verbose readDependencies using package.json deps
8 verbose install where, deps [ '/Users/halien/devel/my/fitbit/Funktional',
8 verbose install   [ '@fitbit/sdk', '@fitbit/sdk-cli' ] ]
9 info preinstall @
10 verbose readDependencies using package.json deps
11 verbose cache add [ '@fitbit/sdk@~3.0.0', null ]
12 verbose cache add name=undefined spec="@fitbit/sdk@~3.0.0" args=["@fitbit/sdk@~3.0.0",null]
13 verbose parsed url { protocol: null,
13 verbose parsed url   slashes: null,
13 verbose parsed url   auth: null,
13 verbose parsed url   host: null,
13 verbose parsed url   port: null,
13 verbose parsed url   hostname: null,
13 verbose parsed url   hash: null,
13 verbose parsed url   search: null,
13 verbose parsed url   query: null,
13 verbose parsed url   pathname: '@fitbit/sdk@~3.0.0',
13 verbose parsed url   path: '@fitbit/sdk@~3.0.0',
13 verbose parsed url   href: '@fitbit/sdk@~3.0.0' }
14 verbose cache add name="" spec="fitbit/sdk@~3.0.0" args=["","fitbit/sdk@~3.0.0"]
15 verbose parsed url { protocol: null,
15 verbose parsed url   slashes: null,
15 verbose parsed url   auth: null,
15 verbose parsed url   host: null,
15 verbose parsed url   port: null,
15 verbose parsed url   hostname: null,
15 verbose parsed url   hash: null,
15 verbose parsed url   search: null,
15 verbose parsed url   query: null,
15 verbose parsed url   pathname: 'fitbit/sdk@~3.0.0',
15 verbose parsed url   path: 'fitbit/sdk@~3.0.0',
15 verbose parsed url   href: 'fitbit/sdk@~3.0.0' }
16 verbose cache add name="fitbit/sdk" spec="~3.0.0" args=["fitbit/sdk","~3.0.0"]
17 verbose parsed url { protocol: null,
17 verbose parsed url   slashes: null,
17 verbose parsed url   auth: null,
17 verbose parsed url   host: null,
17 verbose parsed url   port: null,
17 verbose parsed url   hostname: null,
17 verbose parsed url   hash: null,
17 verbose parsed url   search: null,
17 verbose parsed url   query: null,
17 verbose parsed url   pathname: '~3.0.0',
17 verbose parsed url   path: '~3.0.0',
17 verbose parsed url   href: '~3.0.0' }
18 verbose addNamed [ 'fitbit/sdk', '~3.0.0' ]
19 verbose addNamed [ null, '>=3.0.0-0 <3.1.0-0' ]
20 verbose cache add [ '@fitbit/sdk-cli@^1.5.0', null ]
21 verbose cache add name=undefined spec="@fitbit/sdk-cli@^1.5.0" args=["@fitbit/sdk-cli@^1.5.0",null]
22 verbose parsed url { protocol: null,
22 verbose parsed url   slashes: null,
22 verbose parsed url   auth: null,
22 verbose parsed url   host: null,
22 verbose parsed url   port: null,
22 verbose parsed url   hostname: null,
22 verbose parsed url   hash: null,
22 verbose parsed url   search: null,
22 verbose parsed url   query: null,
22 verbose parsed url   pathname: '@fitbit/sdk-cli@^1.5.0',
22 verbose parsed url   path: '@fitbit/sdk-cli@^1.5.0',
22 verbose parsed url   href: '@fitbit/sdk-cli@^1.5.0' }
23 verbose cache add name="" spec="fitbit/sdk-cli@^1.5.0" args=["","fitbit/sdk-cli@^1.5.0"]
24 verbose parsed url { protocol: null,
24 verbose parsed url   slashes: null,
24 verbose parsed url   auth: null,
24 verbose parsed url   host: null,
24 verbose parsed url   port: null,
24 verbose parsed url   hostname: null,
24 verbose parsed url   hash: null,
24 verbose parsed url   search: null,
24 verbose parsed url   query: null,
24 verbose parsed url   pathname: 'fitbit/sdk-cli@^1.5.0',
24 verbose parsed url   path: 'fitbit/sdk-cli@^1.5.0',
24 verbose parsed url   href: 'fitbit/sdk-cli@^1.5.0' }
25 verbose cache add name="fitbit/sdk-cli" spec="^1.5.0" args=["fitbit/sdk-cli","^1.5.0"]
26 verbose parsed url { protocol: null,
26 verbose parsed url   slashes: null,
26 verbose parsed url   auth: null,
26 verbose parsed url   host: null,
26 verbose parsed url   port: null,
26 verbose parsed url   hostname: null,
26 verbose parsed url   hash: null,
26 verbose parsed url   search: null,
26 verbose parsed url   query: null,
26 verbose parsed url   pathname: '^1.5.0',
26 verbose parsed url   path: '^1.5.0',
26 verbose parsed url   href: '^1.5.0' }
27 verbose addNamed [ 'fitbit/sdk-cli', '^1.5.0' ]
28 verbose addNamed [ null, '>=1.5.0-0 <2.0.0-0' ]
29 silly lockFile f6aa2f49-fitbit-sdk-3-0-0 fitbit/sdk@~3.0.0
30 verbose lock fitbit/sdk@~3.0.0 /Users/halien/.npm/f6aa2f49-fitbit-sdk-3-0-0.lock
31 silly lockFile dce30bfe-fitbit-sdk-cli-1-5-0 fitbit/sdk-cli@^1.5.0
32 verbose lock fitbit/sdk-cli@^1.5.0 /Users/halien/.npm/dce30bfe-fitbit-sdk-cli-1-5-0.lock
33 silly addNameRange { name: 'fitbit/sdk-cli',
33 silly addNameRange   range: '>=1.5.0-0 <2.0.0-0',
33 silly addNameRange   hasData: false }
34 silly addNameRange { name: 'fitbit/sdk',
34 silly addNameRange   range: '>=3.0.0-0 <3.1.0-0',
34 silly addNameRange   hasData: false }
35 verbose url raw fitbit/sdk-cli
36 verbose url resolving [ 'https://registry.npmjs.org/', './fitbit/sdk-cli' ]
37 verbose url resolved https://registry.npmjs.org/fitbit/sdk-cli
38 info trying registry request attempt 1 at 19:37:29
39 http GET https://registry.npmjs.org/fitbit/sdk-cli
40 verbose url raw fitbit/sdk
41 verbose url resolving [ 'https://registry.npmjs.org/', './fitbit/sdk' ]
42 verbose url resolved https://registry.npmjs.org/fitbit/sdk
43 info trying registry request attempt 1 at 19:37:29
44 http GET https://registry.npmjs.org/fitbit/sdk
45 info retry will retry, error on last attempt: Error: UNABLE_TO_GET_ISSUER_CERT_LOCALLY
46 info retry will retry, error on last attempt: Error: UNABLE_TO_GET_ISSUER_CERT_LOCALLY
47 info trying registry request attempt 2 at 19:37:39
48 http GET https://registry.npmjs.org/fitbit/sdk-cli
49 info trying registry request attempt 2 at 19:37:39
50 http GET https://registry.npmjs.org/fitbit/sdk
51 info retry will retry, error on last attempt: Error: UNABLE_TO_GET_ISSUER_CERT_LOCALLY
52 info retry will retry, error on last attempt: Error: UNABLE_TO_GET_ISSUER_CERT_LOCALLY
53 info trying registry request attempt 3 at 19:38:39
54 http GET https://registry.npmjs.org/fitbit/sdk-cli
55 info trying registry request attempt 3 at 19:38:39
56 http GET https://registry.npmjs.org/fitbit/sdk
57 silly lockFile dce30bfe-fitbit-sdk-cli-1-5-0 fitbit/sdk-cli@^1.5.0
58 silly lockFile dce30bfe-fitbit-sdk-cli-1-5-0 fitbit/sdk-cli@^1.5.0
59 error Error: UNABLE_TO_GET_ISSUER_CERT_LOCALLY
59 error     at SecurePair.<anonymous> (tls.js:1357:32)
59 error     at SecurePair.EventEmitter.emit (events.js:92:17)
59 error     at SecurePair.maybeInitFinished (tls.js:970:10)
59 error     at CleartextStream.read [as _read] (tls.js:463:15)
59 error     at CleartextStream.Readable.read (_stream_readable.js:320:10)
59 error     at EncryptedStream.write [as _write] (tls.js:366:25)
59 error     at doWrite (_stream_writable.js:221:10)
59 error     at writeOrBuffer (_stream_writable.js:211:5)
59 error     at EncryptedStream.Writable.write (_stream_writable.js:180:11)
59 error     at write (_stream_readable.js:583:24)
59 error     at flow (_stream_readable.js:592:7)
59 error     at Socket.pipeOnReadable (_stream_readable.js:624:5)
60 error If you need help, you may report this log at:
60 error     <http://github.com/isaacs/npm/issues>
60 error or email it to:
60 error     <npm-@googlegroups.com>
61 error System Darwin 18.2.0
62 error command "/opt/local/bin/node" "/opt/local/bin/npm" "install"
63 error cwd /Users/halien/devel/my/fitbit/Funktional
64 error node -v v0.10.18
65 error npm -v 1.3.11
66 verbose exit [ 1, true ]
